<?xml version="1.0" encoding="UTF-8"?>
<!-- Generated by org.testng.reporters.JUnitXMLReporter -->
<testsuite ignored="0" hostname="DESKTOP-4RIJ1P2" failures="0" tests="12" name="Default test" time="33.971" errors="0" timestamp="2022-07-27T20:08:09 IST">
  <testcase classname="Automationdemo.CreateTaskDelTask" name="launchBrowser" time="4.189"/>
  <testcase classname="Automationdemo.CreateTaskDelTask" name="navigate" time="3.234"/>
  <testcase classname="Automationdemo.CreateTaskDelTask" name="login" time="3.464"/>
  <testcase classname="Automationdemo.CreateTaskDelTask" name="minimizeFlyOutWindow" time="2.032"/>
  <testcase classname="Automationdemo.CreateTaskDelTask" name="createCustomer" time="6.311"/>
  <testcase classname="Automationdemo.CreateTaskDelTask" name="createProject" time="4.414"/>
  <testcase classname="Automationdemo.CreateTaskDelTask" name="createTask" time="2.258"/>
  <testcase classname="Automationdemo.CreateTaskDelTask" name="deleteTask" time="0.036"/>
  <testcase classname="Automationdemo.CreateTaskDelTask" name="deleteProject" time="1.332"/>
  <testcase classname="Automationdemo.CreateTaskDelTask" name="deleteCustomer" time="1.152"/>
  <testcase classname="Automationdemo.CreateTaskDelTask" name="logOut" time="0.029"/>
  <testcase classname="Automationdemo.CreateTaskDelTask" name="closeApplication" time="5.373"/>
</testsuite> <!-- Default test -->
