<?xml version="1.0" encoding="UTF-8"?>
<testng-results ignored="0" total="12" passed="12" failed="0" skipped="0">
  <reporter-output>
  </reporter-output>
  <suite started-at="2022-07-27T20:07:34 IST" name="Default suite" finished-at="2022-07-27T20:08:08 IST" duration-ms="33971">
    <groups>
    </groups>
    <test started-at="2022-07-27T20:07:34 IST" name="Default test" finished-at="2022-07-27T20:08:08 IST" duration-ms="33971">
      <class name="Automationdemo.CreateTaskDelTask">
        <test-method signature="launchBrowser()[pri:1, instance:Automationdemo.CreateTaskDelTask@7e5afaa6]" started-at="2022-07-27T20:07:35 IST" name="launchBrowser" finished-at="2022-07-27T20:07:39 IST" duration-ms="4189" status="PASS">
          <reporter-output>
          </reporter-output>
        </test-method> <!-- launchBrowser -->
        <test-method signature="navigate()[pri:2, instance:Automationdemo.CreateTaskDelTask@7e5afaa6]" started-at="2022-07-27T20:07:39 IST" name="navigate" finished-at="2022-07-27T20:07:42 IST" duration-ms="3234" status="PASS">
          <reporter-output>
          </reporter-output>
        </test-method> <!-- navigate -->
        <test-method signature="login()[pri:3, instance:Automationdemo.CreateTaskDelTask@7e5afaa6]" started-at="2022-07-27T20:07:42 IST" name="login" finished-at="2022-07-27T20:07:45 IST" duration-ms="3464" status="PASS">
          <reporter-output>
          </reporter-output>
        </test-method> <!-- login -->
        <test-method signature="minimizeFlyOutWindow()[pri:4, instance:Automationdemo.CreateTaskDelTask@7e5afaa6]" started-at="2022-07-27T20:07:45 IST" name="minimizeFlyOutWindow" finished-at="2022-07-27T20:07:47 IST" duration-ms="2032" status="PASS">
          <reporter-output>
          </reporter-output>
        </test-method> <!-- minimizeFlyOutWindow -->
        <test-method signature="createCustomer()[pri:5, instance:Automationdemo.CreateTaskDelTask@7e5afaa6]" started-at="2022-07-27T20:07:47 IST" name="createCustomer" finished-at="2022-07-27T20:07:54 IST" duration-ms="6311" status="PASS">
          <reporter-output>
          </reporter-output>
        </test-method> <!-- createCustomer -->
        <test-method signature="createProject()[pri:6, instance:Automationdemo.CreateTaskDelTask@7e5afaa6]" started-at="2022-07-27T20:07:54 IST" name="createProject" finished-at="2022-07-27T20:07:58 IST" duration-ms="4414" status="PASS">
          <reporter-output>
          </reporter-output>
        </test-method> <!-- createProject -->
        <test-method signature="createTask()[pri:7, instance:Automationdemo.CreateTaskDelTask@7e5afaa6]" started-at="2022-07-27T20:07:58 IST" name="createTask" finished-at="2022-07-27T20:08:00 IST" duration-ms="2258" status="PASS">
          <reporter-output>
          </reporter-output>
        </test-method> <!-- createTask -->
        <test-method signature="deleteTask()[pri:8, instance:Automationdemo.CreateTaskDelTask@7e5afaa6]" started-at="2022-07-27T20:08:00 IST" name="deleteTask" finished-at="2022-07-27T20:08:01 IST" duration-ms="36" status="PASS">
          <reporter-output>
          </reporter-output>
        </test-method> <!-- deleteTask -->
        <test-method signature="deleteProject()[pri:9, instance:Automationdemo.CreateTaskDelTask@7e5afaa6]" started-at="2022-07-27T20:08:01 IST" name="deleteProject" finished-at="2022-07-27T20:08:02 IST" duration-ms="1332" status="PASS">
          <reporter-output>
          </reporter-output>
        </test-method> <!-- deleteProject -->
        <test-method signature="deleteCustomer()[pri:10, instance:Automationdemo.CreateTaskDelTask@7e5afaa6]" started-at="2022-07-27T20:08:02 IST" name="deleteCustomer" finished-at="2022-07-27T20:08:03 IST" duration-ms="1152" status="PASS">
          <reporter-output>
          </reporter-output>
        </test-method> <!-- deleteCustomer -->
        <test-method signature="logOut()[pri:11, instance:Automationdemo.CreateTaskDelTask@7e5afaa6]" started-at="2022-07-27T20:08:03 IST" name="logOut" finished-at="2022-07-27T20:08:03 IST" duration-ms="29" status="PASS">
          <reporter-output>
          </reporter-output>
        </test-method> <!-- logOut -->
        <test-method signature="closeApplication()[pri:12, instance:Automationdemo.CreateTaskDelTask@7e5afaa6]" started-at="2022-07-27T20:08:03 IST" name="closeApplication" finished-at="2022-07-27T20:08:08 IST" duration-ms="5373" status="PASS">
          <reporter-output>
          </reporter-output>
        </test-method> <!-- closeApplication -->
      </class> <!-- Automationdemo.CreateTaskDelTask -->
    </test> <!-- Default test -->
  </suite> <!-- Default suite -->
</testng-results>
